<?xml version="1.0" encoding="UTF-8"?>
<!-- Generated by org.testng.reporters.JUnitReportReporter -->
<testsuite hostname="Happy" failures="0" tests="1" name="tests.PurchaseTest" time="9.693" errors="0" timestamp="2025-09-03T15:02:24 IST" skipped="0">
  <testcase classname="tests.PurchaseTest" name="testPurchaseFlow" time="9.693"/>
</testsuite> <!-- tests.PurchaseTest -->
